# JRE version: OpenJDK Runtime Environment (8.0_152-b01) (build 1.8.0_152-release-1248-b01)
# Java VM: OpenJDK 64-Bit Server VM (25.152-b01 mixed mode linux-amd64 compressed oops)
Heap:
 PSYoungGen      total 332800K, used 26087K [0x00000000e0000000, 0x00000000f6880000, 0x0000000100000000)
  eden space 306688K, 0% used [0x00000000e0000000,0x00000000e0000000,0x00000000f2b80000)
  from space 26112K, 99% used [0x00000000f4f00000,0x00000000f6879e08,0x00000000f6880000)
  to   space 22528K, 0% used [0x00000000f3900000,0x00000000f3900000,0x00000000f4f00000)
 ParOldGen       total 87040K, used 44524K [0x00000000a0000000, 0x00000000a5500000, 0x00000000e0000000)
  object space 87040K, 51% used [0x00000000a0000000,0x00000000a2b7b008,0x00000000a5500000)
 Metaspace       used 90872K, capacity 94018K, committed 94232K, reserved 1130496K
  class space    used 11575K, capacity 12268K, committed 12320K, reserved 1048576K
GC Heap History (10 events):
Event: 3820,414 GC heap after
Heap after GC invocations=14 (full 3):
 PSYoungGen      total 251904K, used 11146K [0x00000000e0000000, 0x00000000f3d00000, 0x0000000100000000)
  eden space 229376K, 0% used [0x00000000e0000000,0x00000000e0000000,0x00000000ee000000)
  from space 22528K, 49% used [0x00000000ee000000,0x00000000eeae2a18,0x00000000ef600000)
  to   space 22016K, 0% used [0x00000000f2780000,0x00000000f2780000,0x00000000f3d00000)
 ParOldGen       total 87040K, used 30267K [0x00000000a0000000, 0x00000000a5500000, 0x00000000e0000000)
  object space 87040K, 34% used [0x00000000a0000000,0x00000000a1d8ed10,0x00000000a5500000)
 Metaspace       used 66561K, capacity 68598K, committed 68760K, reserved 1107968K
  class space    used 8806K, capacity 9309K, committed 9376K, reserved 1048576K
}
Event: 10441,321 GC heap before
{Heap before GC invocations=15 (full 3):
 PSYoungGen      total 251904K, used 240522K [0x00000000e0000000, 0x00000000f3d00000, 0x0000000100000000)
  eden space 229376K, 100% used [0x00000000e0000000,0x00000000ee000000,0x00000000ee000000)
  from space 22528K, 49% used [0x00000000ee000000,0x00000000eeae2a18,0x00000000ef600000)
  to   space 22016K, 0% used [0x00000000f2780000,0x00000000f2780000,0x00000000f3d00000)
 ParOldGen       total 87040K, used 30267K [0x00000000a0000000, 0x00000000a5500000, 0x00000000e0000000)
  object space 87040K, 34% used [0x00000000a0000000,0x00000000a1d8ed10,0x00000000a5500000)
 Metaspace       used 67487K, capacity 69766K, committed 69912K, reserved 1110016K
  class space    used 8870K, capacity 9426K, committed 9504K, reserved 1048576K
Event: 10514,510 GC heap after
Heap after GC invocations=15 (full 3):
 PSYoungGen      total 294400K, used 7488K [0x00000000e0000000, 0x00000000f3800000, 0x0000000100000000)
  eden space 277504K, 0% used [0x00000000e0000000,0x00000000e0000000,0x00000000f0f00000)
  from space 16896K, 44% used [0x00000000f2780000,0x00000000f2ed0070,0x00000000f3800000)
  to   space 20992K, 0% used [0x00000000f0f00000,0x00000000f0f00000,0x00000000f2380000)
 ParOldGen       total 87040K, used 30275K [0x00000000a0000000, 0x00000000a5500000, 0x00000000e0000000)
  object space 87040K, 34% used [0x00000000a0000000,0x00000000a1d90d10,0x00000000a5500000)
 Metaspace       used 67487K, capacity 69766K, committed 69912K, reserved 1110016K
  class space    used 8870K, capacity 9426K, committed 9504K, reserved 1048576K
}
Event: 12828,302 GC heap before
{Heap before GC invocations=16 (full 3):
 PSYoungGen      total 294400K, used 284992K [0x00000000e0000000, 0x00000000f3800000, 0x0000000100000000)
  eden space 277504K, 100% used [0x00000000e0000000,0x00000000f0f00000,0x00000000f0f00000)
  from space 16896K, 44% used [0x00000000f2780000,0x00000000f2ed0070,0x00000000f3800000)
  to   space 20992K, 0% used [0x00000000f0f00000,0x00000000f0f00000,0x00000000f2380000)
 ParOldGen       total 87040K, used 30275K [0x00000000a0000000, 0x00000000a5500000, 0x00000000e0000000)
  object space 87040K, 34% used [0x00000000a0000000,0x00000000a1d90d10,0x00000000a5500000)
 Metaspace       used 75768K, capacity 78216K, committed 78488K, reserved 1118208K
  class space    used 9756K, capacity 10367K, committed 10400K, reserved 1048576K
Event: 12834,142 GC heap after
Heap after GC invocations=16 (full 3):
 PSYoungGen      total 298496K, used 17086K [0x00000000e0000000, 0x00000000f6b80000, 0x0000000100000000)
  eden space 277504K, 0% used [0x00000000e0000000,0x00000000e0000000,0x00000000f0f00000)
  from space 20992K, 81% used [0x00000000f0f00000,0x00000000f1faf938,0x00000000f2380000)
  to   space 22528K, 0% used [0x00000000f5580000,0x00000000f5580000,0x00000000f6b80000)
 ParOldGen       total 87040K, used 30283K [0x00000000a0000000, 0x00000000a5500000, 0x00000000e0000000)
  object space 87040K, 34% used [0x00000000a0000000,0x00000000a1d92d10,0x00000000a5500000)
 Metaspace       used 75768K, capacity 78216K, committed 78488K, reserved 1118208K
  class space    used 9756K, capacity 10367K, committed 10400K, reserved 1048576K
}
Event: 12965,931 GC heap before
{Heap before GC invocations=17 (full 3):
 PSYoungGen      total 298496K, used 294590K [0x00000000e0000000, 0x00000000f6b80000, 0x0000000100000000)
  eden space 277504K, 100% used [0x00000000e0000000,0x00000000f0f00000,0x00000000f0f00000)
  from space 20992K, 81% used [0x00000000f0f00000,0x00000000f1faf938,0x00000000f2380000)
  to   space 22528K, 0% used [0x00000000f5580000,0x00000000f5580000,0x00000000f6b80000)
 ParOldGen       total 87040K, used 30283K [0x00000000a0000000, 0x00000000a5500000, 0x00000000e0000000)
  object space 87040K, 34% used [0x00000000a0000000,0x00000000a1d92d10,0x00000000a5500000)
 Metaspace       used 77286K, capacity 79712K, committed 80024K, reserved 1118208K
  class space    used 9931K, capacity 10541K, committed 10656K, reserved 1048576K
Event: 12966,526 GC heap after
Heap after GC invocations=17 (full 3):
 PSYoungGen      total 336384K, used 13459K [0x00000000e0000000, 0x00000000f6500000, 0x0000000100000000)
  eden space 320512K, 0% used [0x00000000e0000000,0x00000000e0000000,0x00000000f3900000)
  from space 15872K, 84% used [0x00000000f5580000,0x00000000f62a4f38,0x00000000f6500000)
  to   space 22528K, 0% used [0x00000000f3900000,0x00000000f3900000,0x00000000f4f00000)
 ParOldGen       total 87040K, used 30291K [0x00000000a0000000, 0x00000000a5500000, 0x00000000e0000000)
  object space 87040K, 34% used [0x00000000a0000000,0x00000000a1d94d10,0x00000000a5500000)
 Metaspace       used 77286K, capacity 79712K, committed 80024K, reserved 1118208K
  class space    used 9931K, capacity 10541K, committed 10656K, reserved 1048576K
}
Event: 13103,289 GC heap before
{Heap before GC invocations=18 (full 3):
 PSYoungGen      total 336384K, used 333971K [0x00000000e0000000, 0x00000000f6500000, 0x0000000100000000)
  eden space 320512K, 100% used [0x00000000e0000000,0x00000000f3900000,0x00000000f3900000)
  from space 15872K, 84% used [0x00000000f5580000,0x00000000f62a4f38,0x00000000f6500000)
  to   space 22528K, 0% used [0x00000000f3900000,0x00000000f3900000,0x00000000f4f00000)
 ParOldGen       total 87040K, used 30291K [0x00000000a0000000, 0x00000000a5500000, 0x00000000e0000000)
  object space 87040K, 34% used [0x00000000a0000000,0x00000000a1d94d10,0x00000000a5500000)
 Metaspace       used 90714K, capacity 93868K, committed 93976K, reserved 1130496K
  class space    used 11560K, capacity 12263K, committed 12320K, reserved 1048576K
Event: 13104,848 GC heap after
Heap after GC invocations=18 (full 3):
 PSYoungGen      total 329216K, used 22519K [0x00000000e0000000, 0x00000000f6880000, 0x0000000100000000)
  eden space 306688K, 0% used [0x00000000e0000000,0x00000000e0000000,0x00000000f2b80000)
  from space 22528K, 99% used [0x00000000f3900000,0x00000000f4efdf50,0x00000000f4f00000)
  to   space 26112K, 0% used [0x00000000f4f00000,0x00000000f4f00000,0x00000000f6880000)
 ParOldGen       total 87040K, used 44493K [0x00000000a0000000, 0x00000000a5500000, 0x00000000e0000000)
  object space 87040K, 51% used [0x00000000a0000000,0x00000000a2b73550,0x00000000a5500000)
 Metaspace       used 90714K, capacity 93868K, committed 93976K, reserved 1130496K
  class space    used 11560K, capacity 12263K, committed 12320K, reserved 1048576K
}
Event: 13240,340 GC heap before
{Heap before GC invocations=19 (full 3):
 PSYoungGen      total 329216K, used 329207K [0x00000000e0000000, 0x00000000f6880000, 0x0000000100000000)
  eden space 306688K, 100% used [0x00000000e0000000,0x00000000f2b80000,0x00000000f2b80000)
  from space 22528K, 99% used [0x00000000f3900000,0x00000000f4efdf50,0x00000000f4f00000)
  to   space 26112K, 0% used [0x00000000f4f00000,0x00000000f4f00000,0x00000000f6880000)
 ParOldGen       total 87040K, used 44493K [0x00000000a0000000, 0x00000000a5500000, 0x00000000e0000000)
  object space 87040K, 51% used [0x00000000a0000000,0x00000000a2b73550,0x00000000a5500000)
 Metaspace       used 90872K, capacity 94018K, committed 94232K, reserved 1130496K
  class space    used 11575K, capacity 12268K, committed 12320K, reserved 1048576K

